2024-10-10 17:04:59 INFO  p6spy - 1728547499361
0
statement
connection0
[32m
    drop table if exists posts cascade [0m
[33m%(bindVariables)[0m

2024-10-10 17:04:59 INFO  p6spy - 1728547499362
0
statement
connection0
[32m
    drop table if exists todos cascade [0m
[33m%(bindVariables)[0m

2024-10-10 17:04:59 INFO  p6spy - 1728547499363
0
statement
connection0
[32m
    drop table if exists users cascade [0m
[33m%(bindVariables)[0m

2024-10-10 17:04:59 INFO  p6spy - 1728547499371
4
statement
connection0
[32m
    create table posts (
        post_id bigint generated by default as identity,
        user_id bigint,
        description varchar(255),
        primary key (post_id)
    )[0m
[33m%(bindVariables)[0m

2024-10-10 17:04:59 INFO  p6spy - 1728547499378
0
statement
connection0
[32m
    create table todos (
        done boolean not null,
        target_date date,
        todo_id bigint generated by default as identity,
        user_id bigint,
        description varchar(255),
        primary key (todo_id)
    )[0m
[33m%(bindVariables)[0m

2024-10-10 17:04:59 INFO  p6spy - 1728547499382
2
statement
connection0
[32m
    create table users (
        birth_date date,
        user_id bigint generated by default as identity,
        password varchar(255),
        username varchar(255) not null unique,
        role enum ('ADMIN','USER'),
        primary key (user_id)
    )[0m
[33m%(bindVariables)[0m

2024-10-10 17:04:59 INFO  p6spy - 1728547499390
7
statement
connection0
[32m
    alter table if exists posts 
       add constraint FK5lidm6cqbc7u4xhqpxm898qme 
       foreign key (user_id) 
       references users[0m
[33m%(bindVariables)[0m

2024-10-10 17:04:59 INFO  p6spy - 1728547499392
0
statement
connection0
[32m
    alter table if exists todos 
       add constraint FK9605g76a1dggbvs18f2r80gvu 
       foreign key (user_id) 
       references users[0m
[33m%(bindVariables)[0m

2024-10-10 17:05:00 INFO  p6spy - 1728547500749
2
statement
connection0
[32mINSERT INTO users (username, password, birth_Date, role) VALUES ('user1', '$2a$10$8VKmqNwV0x/bQEN8Z54w7uUpLPTGeHgoJR73dyH2S6ZxoHkVkxGSm', '1994-09-29', 'USER'), ('user2', '$2a$10$8VKmqNwV0x/bQEN8Z54w7uUpLPTGeHgoJR73dyH2S6ZxoHkVkxGSm', '2000-10-29', 'USER'), ('user3', '$2a$10$8VKmqNwV0x/bQEN8Z54w7uUpLPTGeHgoJR73dyH2S6ZxoHkVkxGSm', '1995-09-29', 'USER'), ('user4', '$2a$10$8VKmqNwV0x/bQEN8Z54w7uUpLPTGeHgoJR73dyH2S6ZxoHkVkxGSm', '1999-09-29', 'USER'), ('user5', '$2a$10$8VKmqNwV0x/bQEN8Z54w7uUpLPTGeHgoJR73dyH2S6ZxoHkVkxGSm', '2008-09-29', 'USER'), ('user6', '$2a$10$8VKmqNwV0x/bQEN8Z54w7uUpLPTGeHgoJR73dyH2S6ZxoHkVkxGSm', '2007-09-29', 'USER'), ('user7', '$2a$10$8VKmqNwV0x/bQEN8Z54w7uUpLPTGeHgoJR73dyH2S6ZxoHkVkxGSm', '2006-09-29', 'USER'), ('user8', '$2a$10$8VKmqNwV0x/bQEN8Z54w7uUpLPTGeHgoJR73dyH2S6ZxoHkVkxGSm', '2015-09-29', 'USER'), ('user9', '$2a$10$8VKmqNwV0x/bQEN8Z54w7uUpLPTGeHgoJR73dyH2S6ZxoHkVkxGSm', '2012-09-29', 'USER'), ('user10','$2a$10$8VKmqNwV0x/bQEN8Z54w7uUpLPTGeHgoJR73dyH2S6ZxoHkVkxGSm', '2008-09-29', 'USER')[0m
[33m%(bindVariables)[0m

2024-10-10 17:05:00 INFO  p6spy - 1728547500759
9
statement
connection0
[32mINSERT INTO todos (user_id, description, target_date, done) VALUES (1, 'ì²« ë²ˆì§¸ í•  ì¼', '2024-09-30', false), (1, 'ë‘ ë²ˆì§¸ í•  ì¼', '2024-10-01', false), (1, 'ì„¸ ë²ˆì§¸ í•  ì¼', '2024-10-02', true), (1, 'ë„¤ ë²ˆì§¸ í•  ì¼', '2024-10-03', false), (1, 'ë‹¤ì„¯ ë²ˆì§¸ í•  ì¼', '2024-10-04', true), (1, 'ì—¬ì„¯ ë²ˆì§¸ í•  ì¼', '2024-10-05', false), (1, 'ì¼ê³± ë²ˆì§¸ í•  ì¼', '2024-10-06', true), (1, 'ì—¬ëŸ ë²ˆì§¸ í•  ì¼', '2024-10-07', false), (1, 'ì•„í™‰ ë²ˆì§¸ í•  ì¼', '2024-10-08', true), (1, 'ì—´ ë²ˆì§¸ í•  ì¼', '2024-10-09', false), (2, 'í•  ì¼ 11', '2024-10-10', true), (2, 'í•  ì¼ 12', '2024-10-11', false), (2, 'í•  ì¼ 13', '2024-10-12', true), (2, 'í•  ì¼ 14', '2024-10-13', false), (2, 'í•  ì¼ 15', '2024-10-14', true), (2, 'í•  ì¼ 16', '2024-10-15', false), (2, 'í•  ì¼ 17', '2024-10-16', true), (2, 'í•  ì¼ 18', '2024-10-17', false), (2, 'í•  ì¼ 19', '2024-10-18', true), (2, 'í•  ì¼ 20', '2024-10-19', false), (3, 'í•  ì¼ 21', '2024-10-20', true), (3, 'í•  ì¼ 22', '2024-10-21', false), (3, 'í•  ì¼ 23', '2024-10-22', true), (3, 'í•  ì¼ 24', '2024-10-23', false), (3, 'í•  ì¼ 25', '2024-10-24', true), (3, 'í•  ì¼ 26', '2024-10-25', false), (3, 'í•  ì¼ 27', '2024-10-26', true), (3, 'í•  ì¼ 28', '2024-10-27', false), (3, 'í•  ì¼ 29', '2024-10-28', true), (3, 'í•  ì¼ 30', '2024-10-29', false), (4, 'í•  ì¼ 31', '2024-10-30', true), (4, 'í•  ì¼ 32', '2024-10-31', false), (4, 'í•  ì¼ 33', '2024-11-01', true), (4, 'í•  ì¼ 34', '2024-11-02', false), (4, 'í•  ì¼ 35', '2024-11-03', true), (4, 'í•  ì¼ 36', '2024-11-04', false), (4, 'í•  ì¼ 37', '2024-11-05', true), (4, 'í•  ì¼ 38', '2024-11-06', false), (4, 'í•  ì¼ 39', '2024-11-07', true), (4, 'í•  ì¼ 40', '2024-11-08', false), (5, 'í•  ì¼ 41', '2024-11-09', true), (5, 'í•  ì¼ 42', '2024-11-10', false), (5, 'í•  ì¼ 43', '2024-11-11', true), (5, 'í•  ì¼ 44', '2024-11-12', false), (5, 'í•  ì¼ 45', '2024-11-13', true), (5, 'í•  ì¼ 46', '2024-11-14', false), (5, 'í•  ì¼ 47', '2024-11-15', true), (5, 'í•  ì¼ 48', '2024-11-16', false), (5, 'í•  ì¼ 49', '2024-11-17', true), (5, 'í•  ì¼ 50', '2024-11-18', false), (6, 'í•  ì¼ 51', '2024-11-19', true), (6, 'í•  ì¼ 52', '2024-11-20', false), (6, 'í•  ì¼ 53', '2024-11-21', true), (6, 'í•  ì¼ 54', '2024-11-22', false), (6, 'í•  ì¼ 55', '2024-11-23', true), (6, 'í•  ì¼ 56', '2024-11-24', false), (6, 'í•  ì¼ 57', '2024-11-25', true), (6, 'í•  ì¼ 58', '2024-11-26', false), (6, 'í•  ì¼ 59', '2024-11-27', true), (6, 'í•  ì¼ 60', '2024-11-28', false), (7, 'í•  ì¼ 61', '2024-11-29', true), (7, 'í•  ì¼ 62', '2024-11-30', false), (7, 'í•  ì¼ 63', '2024-12-01', true), (7, 'í•  ì¼ 64', '2024-12-02', false), (7, 'í•  ì¼ 65', '2024-12-03', true), (7, 'í•  ì¼ 66', '2024-12-04', false), (7, 'í•  ì¼ 67', '2024-12-05', true), (7, 'í•  ì¼ 68', '2024-12-06', false), (7, 'í•  ì¼ 69', '2024-12-07', true), (7, 'í•  ì¼ 70', '2024-12-08', false), (8, 'í•  ì¼ 71', '2024-12-09', true), (8, 'í•  ì¼ 72', '2024-12-10', false), (8, 'í•  ì¼ 73', '2024-12-11', true), (8, 'í•  ì¼ 74', '2024-12-12', false), (8, 'í•  ì¼ 75', '2024-12-13', true), (8, 'í•  ì¼ 76', '2024-12-14', false), (8, 'í•  ì¼ 77', '2024-12-15', true), (8, 'í•  ì¼ 78', '2024-12-16', false), (8, 'í•  ì¼ 79', '2024-12-17', true), (8, 'í•  ì¼ 80', '2024-12-18', false), (9, 'í•  ì¼ 81', '2024-12-19', true), (9, 'í•  ì¼ 82', '2024-12-20', false), (9, 'í•  ì¼ 83', '2024-12-21', true), (9, 'í•  ì¼ 84', '2024-12-22', false), (9, 'í•  ì¼ 85', '2024-12-23', true), (9, 'í•  ì¼ 86', '2024-12-24', false), (9, 'í•  ì¼ 87', '2024-12-25', true), (9, 'í•  ì¼ 88', '2024-12-26', false), (9, 'í•  ì¼ 89', '2024-12-27', true), (9, 'í•  ì¼ 90', '2024-12-28', false), (10, 'í•  ì¼ 91', '2024-12-29', true), (10, 'í•  ì¼ 92', '2024-12-30', false), (10, 'í•  ì¼ 93', '2024-12-31', true), (10, 'í•  ì¼ 94', '2025-01-01', false), (10, 'í•  ì¼ 95', '2025-01-02', true), (10, 'í•  ì¼ 96', '2025-01-03', false), (10, 'í•  ì¼ 97', '2025-01-04', true), (10, 'í•  ì¼ 98', '2025-01-05', false), (10, 'í•  ì¼ 99', '2025-01-06', true), (10, 'í•  ì¼ 100', '2025-01-07', false)[0m
[33m%(bindVariables)[0m

